+----------+------------------+------------------+------------------+------------------+------------------+
|  Cycle   |      Fetch       |      Decode      |     Execute      |      Memory      |    WriteBack     |
+----------+------------------+------------------+------------------+------------------+------------------+
|    1     |  instruction 1   |  -------------   |  -------------   |  -------------   |  -------------   |
+----------+------------------+------------------+------------------+------------------+------------------+



+----------+------------------+------------------+------------------+------------------+------------------+
|  Cycle   |      Fetch       |      Decode      |     Execute      |      Memory      |    WriteBack     |
+----------+------------------+------------------+------------------+------------------+------------------+
|    2     |  -------------   |  instruction 1   |  -------------   |  -------------   |  -------------   |
+----------+------------------+------------------+------------------+------------------+------------------+



+----------+------------------+------------------+------------------+------------------+------------------+
|  Cycle   |      Fetch       |      Decode      |     Execute      |      Memory      |    WriteBack     |
+----------+------------------+------------------+------------------+------------------+------------------+
|    3     |  instruction 2   |  instruction 1   |  -------------   |  -------------   |  -------------   |
+----------+------------------+------------------+------------------+------------------+------------------+



+----------+------------------+------------------+------------------+------------------+------------------+
|  Cycle   |      Fetch       |      Decode      |     Execute      |      Memory      |    WriteBack     |
+----------+------------------+------------------+------------------+------------------+------------------+
|    4     |  -------------   |  instruction 2   |  instruction 1   |  -------------   |  -------------   |
+----------+------------------+------------------+------------------+------------------+------------------+



+----------+------------------+------------------+------------------+------------------+------------------+
|  Cycle   |      Fetch       |      Decode      |     Execute      |      Memory      |    WriteBack     |
+----------+------------------+------------------+------------------+------------------+------------------+
|    5     |  instruction 3   |  instruction 2   |  instruction 1   |  -------------   |  -------------   |
+----------+------------------+------------------+------------------+------------------+------------------+



+----------+------------------+------------------+------------------+------------------+------------------+
|  Cycle   |      Fetch       |      Decode      |     Execute      |      Memory      |    WriteBack     |
+----------+------------------+------------------+------------------+------------------+------------------+
|    6     |  -------------   |  instruction 3   |  instruction 2   |  instruction 1   |  -------------   |
+----------+------------------+------------------+------------------+------------------+------------------+



+----------+------------------+------------------+------------------+------------------+------------------+
|  Cycle   |      Fetch       |      Decode      |     Execute      |      Memory      |    WriteBack     |
+----------+------------------+------------------+------------------+------------------+------------------+
|    7     |  instruction 4   |  instruction 3   |  instruction 2   |  -------------   |  instruction 1   |
+----------+------------------+------------------+------------------+------------------+------------------+

Register 1 set to 22



+----------+------------------+------------------+------------------+------------------+------------------+
|  Cycle   |      Fetch       |      Decode      |     Execute      |      Memory      |    WriteBack     |
+----------+------------------+------------------+------------------+------------------+------------------+
|    8     |  -------------   |  instruction 4   |  instruction 3   |  instruction 2   |  -------------   |
+----------+------------------+------------------+------------------+------------------+------------------+



+----------+------------------+------------------+------------------+------------------+------------------+
|  Cycle   |      Fetch       |      Decode      |     Execute      |      Memory      |    WriteBack     |
+----------+------------------+------------------+------------------+------------------+------------------+
|    9     |  instruction 5   |  instruction 4   |  instruction 3   |  -------------   |  instruction 2   |
+----------+------------------+------------------+------------------+------------------+------------------+

Register 1 set to 22



+----------+------------------+------------------+------------------+------------------+------------------+
|  Cycle   |      Fetch       |      Decode      |     Execute      |      Memory      |    WriteBack     |
+----------+------------------+------------------+------------------+------------------+------------------+
|    10    |  -------------   |  instruction 5   |  instruction 4   |  instruction 3   |  -------------   |
+----------+------------------+------------------+------------------+------------------+------------------+



+----------+------------------+------------------+------------------+------------------+------------------+
|  Cycle   |      Fetch       |      Decode      |     Execute      |      Memory      |    WriteBack     |
+----------+------------------+------------------+------------------+------------------+------------------+
|    11    |  instruction 6   |  instruction 5   |  instruction 4   |  -------------   |  instruction 3   |
+----------+------------------+------------------+------------------+------------------+------------------+

Register 1 set to 22



+----------+------------------+------------------+------------------+------------------+------------------+
|  Cycle   |      Fetch       |      Decode      |     Execute      |      Memory      |    WriteBack     |
+----------+------------------+------------------+------------------+------------------+------------------+
|    12    |  -------------   |  instruction 6   |  instruction 5   |  instruction 4   |  -------------   |
+----------+------------------+------------------+------------------+------------------+------------------+



+----------+------------------+------------------+------------------+------------------+------------------+
|  Cycle   |      Fetch       |      Decode      |     Execute      |      Memory      |    WriteBack     |
+----------+------------------+------------------+------------------+------------------+------------------+
|    13    |  instruction 7   |  instruction 6   |  instruction 5   |  -------------   |  instruction 4   |
+----------+------------------+------------------+------------------+------------------+------------------+

Register 2 set to 63



+----------+------------------+------------------+------------------+------------------+------------------+
|  Cycle   |      Fetch       |      Decode      |     Execute      |      Memory      |    WriteBack     |
+----------+------------------+------------------+------------------+------------------+------------------+
|    14    |  -------------   |  instruction 7   |  instruction 6   |  instruction 5   |  -------------   |
+----------+------------------+------------------+------------------+------------------+------------------+



+----------+------------------+------------------+------------------+------------------+------------------+
|  Cycle   |      Fetch       |      Decode      |     Execute      |      Memory      |    WriteBack     |
+----------+------------------+------------------+------------------+------------------+------------------+
|    15    |  instruction 8   |  instruction 7   |  instruction 6   |  -------------   |  instruction 5   |
+----------+------------------+------------------+------------------+------------------+------------------+

Register 2 set to 63



+----------+------------------+------------------+------------------+------------------+------------------+
|  Cycle   |      Fetch       |      Decode      |     Execute      |      Memory      |    WriteBack     |
+----------+------------------+------------------+------------------+------------------+------------------+
|    16    |  -------------   |  instruction 8   |  instruction 7   |  instruction 6   |  -------------   |
+----------+------------------+------------------+------------------+------------------+------------------+



+----------+------------------+------------------+------------------+------------------+------------------+
|  Cycle   |      Fetch       |      Decode      |     Execute      |      Memory      |    WriteBack     |
+----------+------------------+------------------+------------------+------------------+------------------+
|    17    |  instruction 9   |  instruction 8   |  instruction 7   |  -------------   |  instruction 6   |
+----------+------------------+------------------+------------------+------------------+------------------+

Register 2 set to 63



+----------+------------------+------------------+------------------+------------------+------------------+
|  Cycle   |      Fetch       |      Decode      |     Execute      |      Memory      |    WriteBack     |
+----------+------------------+------------------+------------------+------------------+------------------+
|    18    |  -------------   |  instruction 9   |  instruction 8   |  instruction 7   |  -------------   |
+----------+------------------+------------------+------------------+------------------+------------------+



+----------+------------------+------------------+------------------+------------------+------------------+
|  Cycle   |      Fetch       |      Decode      |     Execute      |      Memory      |    WriteBack     |
+----------+------------------+------------------+------------------+------------------+------------------+
|    19    |  instruction 10  |  instruction 9   |  instruction 8   |  -------------   |  instruction 7   |
+----------+------------------+------------------+------------------+------------------+------------------+

Register 30 set to 1



+----------+------------------+------------------+------------------+------------------+------------------+
|  Cycle   |      Fetch       |      Decode      |     Execute      |      Memory      |    WriteBack     |
+----------+------------------+------------------+------------------+------------------+------------------+
|    20    |  -------------   |  instruction 10  |  instruction 9   |  instruction 8   |  -------------   |
+----------+------------------+------------------+------------------+------------------+------------------+



+----------+------------------+------------------+------------------+------------------+------------------+
|  Cycle   |      Fetch       |      Decode      |     Execute      |      Memory      |    WriteBack     |
+----------+------------------+------------------+------------------+------------------+------------------+
|    21    |  instruction 11  |  instruction 10  |  instruction 9   |  -------------   |  instruction 8   |
+----------+------------------+------------------+------------------+------------------+------------------+

Register 31 set to 1



+----------+------------------+------------------+------------------+------------------+------------------+
|  Cycle   |      Fetch       |      Decode      |     Execute      |      Memory      |    WriteBack     |
+----------+------------------+------------------+------------------+------------------+------------------+
|    22    |  -------------   |  instruction 11  |  instruction 10  |  instruction 9   |  -------------   |
+----------+------------------+------------------+------------------+------------------+------------------+



+----------+------------------+------------------+------------------+------------------+------------------+
|  Cycle   |      Fetch       |      Decode      |     Execute      |      Memory      |    WriteBack     |
+----------+------------------+------------------+------------------+------------------+------------------+
|    23    |  instruction 12  |  instruction 11  |  instruction 10  |  -------------   |  instruction 9   |
+----------+------------------+------------------+------------------+------------------+------------------+

Register 6 set to 85



+----------+------------------+------------------+------------------+------------------+------------------+
|  Cycle   |      Fetch       |      Decode      |     Execute      |      Memory      |    WriteBack     |
+----------+------------------+------------------+------------------+------------------+------------------+
|    24    |  -------------   |  instruction 12  |  instruction 11  |  instruction 10  |  -------------   |
+----------+------------------+------------------+------------------+------------------+------------------+



+----------+------------------+------------------+------------------+------------------+------------------+
|  Cycle   |      Fetch       |      Decode      |     Execute      |      Memory      |    WriteBack     |
+----------+------------------+------------------+------------------+------------------+------------------+
|    25    |  instruction 13  |  instruction 12  |  instruction 11  |  -------------   |  instruction 10  |
+----------+------------------+------------------+------------------+------------------+------------------+

Register 7 set to -41



+----------+------------------+------------------+------------------+------------------+------------------+
|  Cycle   |      Fetch       |      Decode      |     Execute      |      Memory      |    WriteBack     |
+----------+------------------+------------------+------------------+------------------+------------------+
|    26    |  -------------   |  instruction 13  |  instruction 12  |  instruction 11  |  -------------   |
+----------+------------------+------------------+------------------+------------------+------------------+



+----------+------------------+------------------+------------------+------------------+------------------+
|  Cycle   |      Fetch       |      Decode      |     Execute      |      Memory      |    WriteBack     |
+----------+------------------+------------------+------------------+------------------+------------------+
|    27    |  instruction 14  |  instruction 13  |  instruction 12  |  -------------   |  instruction 11  |
+----------+------------------+------------------+------------------+------------------+------------------+

Register 8 set to 1386



+----------+------------------+------------------+------------------+------------------+------------------+
|  Cycle   |      Fetch       |      Decode      |     Execute      |      Memory      |    WriteBack     |
+----------+------------------+------------------+------------------+------------------+------------------+
|    28    |  -------------   |  -------------   |  -------------   |  instruction 12  |  -------------   |
+----------+------------------+------------------+------------------+------------------+------------------+



+----------+------------------+------------------+------------------+------------------+------------------+
|  Cycle   |      Fetch       |      Decode      |     Execute      |      Memory      |    WriteBack     |
+----------+------------------+------------------+------------------+------------------+------------------+
|    29    |  instruction 14  |  -------------   |  -------------   |  -------------   |  instruction 12  |
+----------+------------------+------------------+------------------+------------------+------------------+



+----------+------------------+------------------+------------------+------------------+------------------+
|  Cycle   |      Fetch       |      Decode      |     Execute      |      Memory      |    WriteBack     |
+----------+------------------+------------------+------------------+------------------+------------------+
|    30    |  -------------   |  instruction 14  |  -------------   |  -------------   |  -------------   |
+----------+------------------+------------------+------------------+------------------+------------------+



+----------+------------------+------------------+------------------+------------------+------------------+
|  Cycle   |      Fetch       |      Decode      |     Execute      |      Memory      |    WriteBack     |
+----------+------------------+------------------+------------------+------------------+------------------+
|    31    |  instruction 15  |  instruction 14  |  -------------   |  -------------   |  -------------   |
+----------+------------------+------------------+------------------+------------------+------------------+



+----------+------------------+------------------+------------------+------------------+------------------+
|  Cycle   |      Fetch       |      Decode      |     Execute      |      Memory      |    WriteBack     |
+----------+------------------+------------------+------------------+------------------+------------------+
|    32    |  -------------   |  instruction 15  |  instruction 14  |  -------------   |  -------------   |
+----------+------------------+------------------+------------------+------------------+------------------+



+----------+------------------+------------------+------------------+------------------+------------------+
|  Cycle   |      Fetch       |      Decode      |     Execute      |      Memory      |    WriteBack     |
+----------+------------------+------------------+------------------+------------------+------------------+
|    33    |  instruction 16  |  instruction 15  |  instruction 14  |  -------------   |  -------------   |
+----------+------------------+------------------+------------------+------------------+------------------+



+----------+------------------+------------------+------------------+------------------+------------------+
|  Cycle   |      Fetch       |      Decode      |     Execute      |      Memory      |    WriteBack     |
+----------+------------------+------------------+------------------+------------------+------------------+
|    34    |  -------------   |  instruction 16  |  instruction 15  |  instruction 14  |  -------------   |
+----------+------------------+------------------+------------------+------------------+------------------+

Data stored at address 1025 updated to 1386



+----------+------------------+------------------+------------------+------------------+------------------+
|  Cycle   |      Fetch       |      Decode      |     Execute      |      Memory      |    WriteBack     |
+----------+------------------+------------------+------------------+------------------+------------------+
|    35    |  instruction 17  |  instruction 16  |  instruction 15  |  -------------   |  instruction 14  |
+----------+------------------+------------------+------------------+------------------+------------------+



+----------+------------------+------------------+------------------+------------------+------------------+
|  Cycle   |      Fetch       |      Decode      |     Execute      |      Memory      |    WriteBack     |
+----------+------------------+------------------+------------------+------------------+------------------+
|    36    |  -------------   |  instruction 17  |  instruction 16  |  instruction 15  |  -------------   |
+----------+------------------+------------------+------------------+------------------+------------------+



+----------+------------------+------------------+------------------+------------------+------------------+
|  Cycle   |      Fetch       |      Decode      |     Execute      |      Memory      |    WriteBack     |
+----------+------------------+------------------+------------------+------------------+------------------+
|    37    |  instruction 18  |  instruction 17  |  instruction 16  |  -------------   |  instruction 15  |
+----------+------------------+------------------+------------------+------------------+------------------+

Register 9 set to 0



+----------+------------------+------------------+------------------+------------------+------------------+
|  Cycle   |      Fetch       |      Decode      |     Execute      |      Memory      |    WriteBack     |
+----------+------------------+------------------+------------------+------------------+------------------+
|    38    |  -------------   |  instruction 18  |  instruction 17  |  instruction 16  |  -------------   |
+----------+------------------+------------------+------------------+------------------+------------------+



+----------+------------------+------------------+------------------+------------------+------------------+
|  Cycle   |      Fetch       |      Decode      |     Execute      |      Memory      |    WriteBack     |
+----------+------------------+------------------+------------------+------------------+------------------+
|    39    |  instruction 19  |  instruction 18  |  instruction 17  |  -------------   |  instruction 16  |
+----------+------------------+------------------+------------------+------------------+------------------+

Register 10 set to 0



+----------+------------------+------------------+------------------+------------------+------------------+
|  Cycle   |      Fetch       |      Decode      |     Execute      |      Memory      |    WriteBack     |
+----------+------------------+------------------+------------------+------------------+------------------+
|    40    |  -------------   |  -------------   |  -------------   |  instruction 17  |  -------------   |
+----------+------------------+------------------+------------------+------------------+------------------+



+----------+------------------+------------------+------------------+------------------+------------------+
|  Cycle   |      Fetch       |      Decode      |     Execute      |      Memory      |    WriteBack     |
+----------+------------------+------------------+------------------+------------------+------------------+
|    41    |  instruction 19  |  -------------   |  -------------   |  -------------   |  instruction 17  |
+----------+------------------+------------------+------------------+------------------+------------------+



+----------+------------------+------------------+------------------+------------------+------------------+
|  Cycle   |      Fetch       |      Decode      |     Execute      |      Memory      |    WriteBack     |
+----------+------------------+------------------+------------------+------------------+------------------+
|    42    |  -------------   |  instruction 19  |  -------------   |  -------------   |  -------------   |
+----------+------------------+------------------+------------------+------------------+------------------+



+----------+------------------+------------------+------------------+------------------+------------------+
|  Cycle   |      Fetch       |      Decode      |     Execute      |      Memory      |    WriteBack     |
+----------+------------------+------------------+------------------+------------------+------------------+
|    43    |  instruction 20  |  instruction 19  |  -------------   |  -------------   |  -------------   |
+----------+------------------+------------------+------------------+------------------+------------------+



+----------+------------------+------------------+------------------+------------------+------------------+
|  Cycle   |      Fetch       |      Decode      |     Execute      |      Memory      |    WriteBack     |
+----------+------------------+------------------+------------------+------------------+------------------+
|    44    |  -------------   |  instruction 20  |  instruction 19  |  -------------   |  -------------   |
+----------+------------------+------------------+------------------+------------------+------------------+



+----------+------------------+------------------+------------------+------------------+------------------+
|  Cycle   |      Fetch       |      Decode      |     Execute      |      Memory      |    WriteBack     |
+----------+------------------+------------------+------------------+------------------+------------------+
|    45    |  instruction 21  |  instruction 20  |  instruction 19  |  -------------   |  -------------   |
+----------+------------------+------------------+------------------+------------------+------------------+



+----------+------------------+------------------+------------------+------------------+------------------+
|  Cycle   |      Fetch       |      Decode      |     Execute      |      Memory      |    WriteBack     |
+----------+------------------+------------------+------------------+------------------+------------------+
|    46    |  -------------   |  instruction 21  |  instruction 20  |  instruction 19  |  -------------   |
+----------+------------------+------------------+------------------+------------------+------------------+



+----------+------------------+------------------+------------------+------------------+------------------+
|  Cycle   |      Fetch       |      Decode      |     Execute      |      Memory      |    WriteBack     |
+----------+------------------+------------------+------------------+------------------+------------------+
|    47    |  instruction 22  |  instruction 21  |  instruction 20  |  -------------   |  instruction 19  |
+----------+------------------+------------------+------------------+------------------+------------------+

Register 11 set to 4



+----------+------------------+------------------+------------------+------------------+------------------+
|  Cycle   |      Fetch       |      Decode      |     Execute      |      Memory      |    WriteBack     |
+----------+------------------+------------------+------------------+------------------+------------------+
|    48    |  -------------   |  instruction 22  |  instruction 21  |  instruction 20  |  -------------   |
+----------+------------------+------------------+------------------+------------------+------------------+



+----------+------------------+------------------+------------------+------------------+------------------+
|  Cycle   |      Fetch       |      Decode      |     Execute      |      Memory      |    WriteBack     |
+----------+------------------+------------------+------------------+------------------+------------------+
|    49    |  instruction 23  |  instruction 22  |  instruction 21  |  -------------   |  instruction 20  |
+----------+------------------+------------------+------------------+------------------+------------------+

Register 12 set to 346



+----------+------------------+------------------+------------------+------------------+------------------+
|  Cycle   |      Fetch       |      Decode      |     Execute      |      Memory      |    WriteBack     |
+----------+------------------+------------------+------------------+------------------+------------------+
|    50    |  -------------   |  instruction 23  |  instruction 22  |  instruction 21  |  -------------   |
+----------+------------------+------------------+------------------+------------------+------------------+



+----------+------------------+------------------+------------------+------------------+------------------+
|  Cycle   |      Fetch       |      Decode      |     Execute      |      Memory      |    WriteBack     |
+----------+------------------+------------------+------------------+------------------+------------------+
|    51    |  instruction 24  |  instruction 23  |  instruction 22  |  -------------   |  instruction 21  |
+----------+------------------+------------------+------------------+------------------+------------------+

Register 20 set to 1386



+----------+------------------+------------------+------------------+------------------+------------------+
|  Cycle   |      Fetch       |      Decode      |     Execute      |      Memory      |    WriteBack     |
+----------+------------------+------------------+------------------+------------------+------------------+
|    52    |  -------------   |  instruction 24  |  instruction 23  |  instruction 22  |  -------------   |
+----------+------------------+------------------+------------------+------------------+------------------+



+----------+------------------+------------------+------------------+------------------+------------------+
|  Cycle   |      Fetch       |      Decode      |     Execute      |      Memory      |    WriteBack     |
+----------+------------------+------------------+------------------+------------------+------------------+
|    53    |  instruction 25  |  instruction 24  |  instruction 23  |  -------------   |  instruction 22  |
+----------+------------------+------------------+------------------+------------------+------------------+

Register 5 set to 2222



+------------+----------+
|  Register  |  Value   |
+------------+----------+
|     0      |    0     |
|     1      |    22    |
|     2      |    63    |
|     3      |    0     |
|     4      |    0     |
|     5      |   2222   |
|     6      |    85    |
|     7      |   -41    |
|     8      |   1386   |
|     9      |    0     |
|     10     |    0     |
|     11     |    4     |
|     12     |   346    |
|     13     |    0     |
|     14     |    0     |
|     15     |    0     |
|     16     |    0     |
|     17     |    0     |
|     18     |    0     |
|     19     |    0     |
|     20     |   1386   |
|     21     |    0     |
|     22     |    0     |
|     23     |    0     |
|     24     |    0     |
|     25     |    0     |
|     26     |    0     |
|     27     |    0     |
|     28     |    0     |
|     29     |    0     |
|     30     |    1     |
|     31     |    1     |
+------------+----------+

